2018-02-06T09:46:32+00:00 CRITICAL Call to undefined function mb_strimwidth()

2018-02-06T09:48:41+00:00 CRITICAL Call to undefined function mb_strimwidth()

2018-02-06T14:33:08+00:00 CRITICAL Call to undefined function mb_strimwidth()

2018-02-06T20:22:18+00:00 CRITICAL Call to undefined function request_filesystem_credentials()

2018-02-06T20:31:01+00:00 CRITICAL Call to undefined function request_filesystem_credentials()

2018-02-07T07:52:29+00:00 CRITICAL Call to undefined function request_filesystem_credentials()

2018-02-07T20:01:44+00:00 CRITICAL Call to undefined function request_filesystem_credentials()

2018-02-07T20:10:59+00:00 CRITICAL Call to undefined function request_filesystem_credentials()

2018-02-08T07:52:27+00:00 CRITICAL Call to undefined function request_filesystem_credentials()

2018-02-08T19:52:25+00:00 CRITICAL Uncaught Error: Call to undefined function request_filesystem_credentials() in /home/triinvaht/public_html/wordpress/wp-admin/includes/class-wp-upgrader-skin.php:93
Stack trace:
#0 /home/triinvaht/public_html/wordpress/wp-admin/includes/class-automatic-upgrader-skin.php(47): WP_Upgrader_Skin->request_filesystem_credentials(false, '/home/triinvaht...', true)
#1 /home/triinvaht/public_html/wordpress/wp-admin/includes/class-wp-automatic-updater.php(144): Automatic_Upgrader_Skin->request_filesystem_credentials(false, '/home/triinvaht...', true)
#2 /home/triinvaht/public_html/wordpress/wp-admin/includes/update.php(85): WP_Automatic_Updater->should_update('core', Object(stdClass), '/home/triinvaht...')
#3 /home/triinvaht/public_html/wordpress/wp-includes/update.php(215): find_core_auto_update()
#4 /home/triinvaht/public_html/wordpress/wp-includes/class-wp-hook.php(286): wp_version_check()
#5 /home/triinvaht/public_html/wordpress/wp-includes/class-wp-hook.php(310): WP_Hook->apply_filters('', Array)
#6 /home/triinvah

2018-02-08T19:59:10+00:00 CRITICAL Uncaught Error: Call to undefined function request_filesystem_credentials() in /home/triinvaht/public_html/wordpress/wp-admin/includes/class-wp-upgrader-skin.php:93
Stack trace:
#0 /home/triinvaht/public_html/wordpress/wp-admin/includes/class-automatic-upgrader-skin.php(47): WP_Upgrader_Skin->request_filesystem_credentials(false, '/home/triinvaht...', true)
#1 /home/triinvaht/public_html/wordpress/wp-admin/includes/class-wp-automatic-updater.php(144): Automatic_Upgrader_Skin->request_filesystem_credentials(false, '/home/triinvaht...', true)
#2 /home/triinvaht/public_html/wordpress/wp-admin/includes/update.php(85): WP_Automatic_Updater->should_update('core', Object(stdClass), '/home/triinvaht...')
#3 /home/triinvaht/public_html/wordpress/wp-includes/update.php(215): find_core_auto_update()
#4 /home/triinvaht/public_html/wordpress/wp-content/plugins/wordfence/lib/wfUpdateCheck.php(65): wp_version_check()
#5 /home/triinvaht/public_html/wordpress/wp-content/plugins/wordfence/lib/wfUpdateCheck.php(38): wfUpdateChe

2018-02-09T07:53:33+00:00 CRITICAL Uncaught Error: Call to undefined function request_filesystem_credentials() in /home/triinvaht/public_html/wordpress/wp-admin/includes/class-wp-upgrader-skin.php:93
Stack trace:
#0 /home/triinvaht/public_html/wordpress/wp-admin/includes/class-automatic-upgrader-skin.php(47): WP_Upgrader_Skin->request_filesystem_credentials(false, '/home/triinvaht...', true)
#1 /home/triinvaht/public_html/wordpress/wp-admin/includes/class-wp-automatic-updater.php(144): Automatic_Upgrader_Skin->request_filesystem_credentials(false, '/home/triinvaht...', true)
#2 /home/triinvaht/public_html/wordpress/wp-admin/includes/update.php(85): WP_Automatic_Updater->should_update('core', Object(stdClass), '/home/triinvaht...')
#3 /home/triinvaht/public_html/wordpress/wp-includes/update.php(215): find_core_auto_update()
#4 /home/triinvaht/public_html/wordpress/wp-includes/class-wp-hook.php(286): wp_version_check()
#5 /home/triinvaht/public_html/wordpress/wp-includes/class-wp-hook.php(310): WP_Hook->apply_filters('', Array)
#6 /home/triinvah

2018-02-09T21:43:51+00:00 CRITICAL Uncaught Error: Call to undefined function request_filesystem_credentials() in /home/triinvaht/public_html/wordpress/wp-admin/includes/class-wp-upgrader-skin.php:93
Stack trace:
#0 /home/triinvaht/public_html/wordpress/wp-admin/includes/class-automatic-upgrader-skin.php(47): WP_Upgrader_Skin->request_filesystem_credentials(false, '/home/triinvaht...', true)
#1 /home/triinvaht/public_html/wordpress/wp-admin/includes/class-wp-automatic-updater.php(144): Automatic_Upgrader_Skin->request_filesystem_credentials(false, '/home/triinvaht...', true)
#2 /home/triinvaht/public_html/wordpress/wp-admin/includes/update.php(85): WP_Automatic_Updater->should_update('core', Object(stdClass), '/home/triinvaht...')
#3 /home/triinvaht/public_html/wordpress/wp-includes/update.php(215): find_core_auto_update()
#4 /home/triinvaht/public_html/wordpress/wp-includes/class-wp-hook.php(286): wp_version_check()
#5 /home/triinvaht/public_html/wordpress/wp-includes/class-wp-hook.php(310): WP_Hook->apply_filters('', Array)
#6 /home/triinvah

2018-02-09T21:45:06+00:00 CRITICAL Uncaught Error: Call to undefined function request_filesystem_credentials() in /home/triinvaht/public_html/wordpress/wp-admin/includes/class-wp-upgrader-skin.php:93
Stack trace:
#0 /home/triinvaht/public_html/wordpress/wp-admin/includes/class-automatic-upgrader-skin.php(47): WP_Upgrader_Skin->request_filesystem_credentials(false, '/home/triinvaht...', true)
#1 /home/triinvaht/public_html/wordpress/wp-admin/includes/class-wp-automatic-updater.php(144): Automatic_Upgrader_Skin->request_filesystem_credentials(false, '/home/triinvaht...', true)
#2 /home/triinvaht/public_html/wordpress/wp-admin/includes/update.php(85): WP_Automatic_Updater->should_update('core', Object(stdClass), '/home/triinvaht...')
#3 /home/triinvaht/public_html/wordpress/wp-includes/update.php(215): find_core_auto_update()
#4 /home/triinvaht/public_html/wordpress/wp-content/plugins/wordfence/lib/wfUpdateCheck.php(65): wp_version_check()
#5 /home/triinvaht/public_html/wordpress/wp-content/plugins/wordfence/lib/wfUpdateCheck.php(38): wfUpdateChe

2018-02-10T07:52:29+00:00 CRITICAL Uncaught Error: Call to undefined function request_filesystem_credentials() in /home/triinvaht/public_html/wordpress/wp-admin/includes/class-wp-upgrader-skin.php:93
Stack trace:
#0 /home/triinvaht/public_html/wordpress/wp-admin/includes/class-automatic-upgrader-skin.php(47): WP_Upgrader_Skin->request_filesystem_credentials(false, '/home/triinvaht...', true)
#1 /home/triinvaht/public_html/wordpress/wp-admin/includes/class-wp-automatic-updater.php(144): Automatic_Upgrader_Skin->request_filesystem_credentials(false, '/home/triinvaht...', true)
#2 /home/triinvaht/public_html/wordpress/wp-admin/includes/update.php(85): WP_Automatic_Updater->should_update('core', Object(stdClass), '/home/triinvaht...')
#3 /home/triinvaht/public_html/wordpress/wp-includes/update.php(215): find_core_auto_update()
#4 /home/triinvaht/public_html/wordpress/wp-includes/class-wp-hook.php(286): wp_version_check()
#5 /home/triinvaht/public_html/wordpress/wp-includes/class-wp-hook.php(310): WP_Hook->apply_filters('', Array)
#6 /home/triinvah

2018-02-10T19:52:25+00:00 CRITICAL Uncaught Error: Call to undefined function request_filesystem_credentials() in /home/triinvaht/public_html/wordpress/wp-admin/includes/class-wp-upgrader-skin.php:93
Stack trace:
#0 /home/triinvaht/public_html/wordpress/wp-admin/includes/class-automatic-upgrader-skin.php(47): WP_Upgrader_Skin->request_filesystem_credentials(false, '/home/triinvaht...', true)
#1 /home/triinvaht/public_html/wordpress/wp-admin/includes/class-wp-automatic-updater.php(144): Automatic_Upgrader_Skin->request_filesystem_credentials(false, '/home/triinvaht...', true)
#2 /home/triinvaht/public_html/wordpress/wp-admin/includes/update.php(85): WP_Automatic_Updater->should_update('core', Object(stdClass), '/home/triinvaht...')
#3 /home/triinvaht/public_html/wordpress/wp-includes/update.php(215): find_core_auto_update()
#4 /home/triinvaht/public_html/wordpress/wp-includes/class-wp-hook.php(286): wp_version_check()
#5 /home/triinvaht/public_html/wordpress/wp-includes/class-wp-hook.php(310): WP_Hook->apply_filters('', Array)
#6 /home/triinvah

2018-02-10T19:59:09+00:00 CRITICAL Uncaught Error: Call to undefined function request_filesystem_credentials() in /home/triinvaht/public_html/wordpress/wp-admin/includes/class-wp-upgrader-skin.php:93
Stack trace:
#0 /home/triinvaht/public_html/wordpress/wp-admin/includes/class-automatic-upgrader-skin.php(47): WP_Upgrader_Skin->request_filesystem_credentials(false, '/home/triinvaht...', true)
#1 /home/triinvaht/public_html/wordpress/wp-admin/includes/class-wp-automatic-updater.php(144): Automatic_Upgrader_Skin->request_filesystem_credentials(false, '/home/triinvaht...', true)
#2 /home/triinvaht/public_html/wordpress/wp-admin/includes/update.php(85): WP_Automatic_Updater->should_update('core', Object(stdClass), '/home/triinvaht...')
#3 /home/triinvaht/public_html/wordpress/wp-includes/update.php(215): find_core_auto_update()
#4 /home/triinvaht/public_html/wordpress/wp-content/plugins/wordfence/lib/wfUpdateCheck.php(65): wp_version_check()
#5 /home/triinvaht/public_html/wordpress/wp-content/plugins/wordfence/lib/wfUpdateCheck.php(38): wfUpdateChe

2018-02-11T08:15:56+00:00 CRITICAL Uncaught Error: Call to undefined function request_filesystem_credentials() in /home/triinvaht/public_html/wordpress/wp-admin/includes/class-wp-upgrader-skin.php:93
Stack trace:
#0 /home/triinvaht/public_html/wordpress/wp-admin/includes/class-automatic-upgrader-skin.php(47): WP_Upgrader_Skin->request_filesystem_credentials(false, '/home/triinvaht...', true)
#1 /home/triinvaht/public_html/wordpress/wp-admin/includes/class-wp-automatic-updater.php(144): Automatic_Upgrader_Skin->request_filesystem_credentials(false, '/home/triinvaht...', true)
#2 /home/triinvaht/public_html/wordpress/wp-admin/includes/update.php(85): WP_Automatic_Updater->should_update('core', Object(stdClass), '/home/triinvaht...')
#3 /home/triinvaht/public_html/wordpress/wp-includes/update.php(215): find_core_auto_update()
#4 /home/triinvaht/public_html/wordpress/wp-includes/class-wp-hook.php(286): wp_version_check()
#5 /home/triinvaht/public_html/wordpress/wp-includes/class-wp-hook.php(310): WP_Hook->apply_filters('', Array)
#6 /home/triinvah

2018-02-11T19:53:13+00:00 CRITICAL Uncaught Error: Call to undefined function request_filesystem_credentials() in /home/triinvaht/public_html/wordpress/wp-admin/includes/class-wp-upgrader-skin.php:93
Stack trace:
#0 /home/triinvaht/public_html/wordpress/wp-admin/includes/class-automatic-upgrader-skin.php(47): WP_Upgrader_Skin->request_filesystem_credentials(false, '/home/triinvaht...', true)
#1 /home/triinvaht/public_html/wordpress/wp-admin/includes/class-wp-automatic-updater.php(144): Automatic_Upgrader_Skin->request_filesystem_credentials(false, '/home/triinvaht...', true)
#2 /home/triinvaht/public_html/wordpress/wp-admin/includes/update.php(85): WP_Automatic_Updater->should_update('core', Object(stdClass), '/home/triinvaht...')
#3 /home/triinvaht/public_html/wordpress/wp-includes/update.php(215): find_core_auto_update()
#4 /home/triinvaht/public_html/wordpress/wp-includes/class-wp-hook.php(286): wp_version_check()
#5 /home/triinvaht/public_html/wordpress/wp-includes/class-wp-hook.php(310): WP_Hook->apply_filters('', Array)
#6 /home/triinvah

2018-02-11T20:41:11+00:00 CRITICAL Uncaught Error: Call to undefined function request_filesystem_credentials() in /home/triinvaht/public_html/wordpress/wp-admin/includes/class-wp-upgrader-skin.php:93
Stack trace:
#0 /home/triinvaht/public_html/wordpress/wp-admin/includes/class-automatic-upgrader-skin.php(47): WP_Upgrader_Skin->request_filesystem_credentials(false, '/home/triinvaht...', true)
#1 /home/triinvaht/public_html/wordpress/wp-admin/includes/class-wp-automatic-updater.php(144): Automatic_Upgrader_Skin->request_filesystem_credentials(false, '/home/triinvaht...', true)
#2 /home/triinvaht/public_html/wordpress/wp-admin/includes/update.php(85): WP_Automatic_Updater->should_update('core', Object(stdClass), '/home/triinvaht...')
#3 /home/triinvaht/public_html/wordpress/wp-includes/update.php(215): find_core_auto_update()
#4 /home/triinvaht/public_html/wordpress/wp-content/plugins/wordfence/lib/wfUpdateCheck.php(65): wp_version_check()
#5 /home/triinvaht/public_html/wordpress/wp-content/plugins/wordfence/lib/wfUpdateCheck.php(38): wfUpdateChe

2018-02-12T07:52:30+00:00 CRITICAL Uncaught Error: Call to undefined function request_filesystem_credentials() in /home/triinvaht/public_html/wordpress/wp-admin/includes/class-wp-upgrader-skin.php:93
Stack trace:
#0 /home/triinvaht/public_html/wordpress/wp-admin/includes/class-automatic-upgrader-skin.php(47): WP_Upgrader_Skin->request_filesystem_credentials(false, '/home/triinvaht...', true)
#1 /home/triinvaht/public_html/wordpress/wp-admin/includes/class-wp-automatic-updater.php(144): Automatic_Upgrader_Skin->request_filesystem_credentials(false, '/home/triinvaht...', true)
#2 /home/triinvaht/public_html/wordpress/wp-admin/includes/update.php(85): WP_Automatic_Updater->should_update('core', Object(stdClass), '/home/triinvaht...')
#3 /home/triinvaht/public_html/wordpress/wp-includes/update.php(215): find_core_auto_update()
#4 /home/triinvaht/public_html/wordpress/wp-includes/class-wp-hook.php(286): wp_version_check()
#5 /home/triinvaht/public_html/wordpress/wp-includes/class-wp-hook.php(310): WP_Hook->apply_filters('', Array)
#6 /home/triinvah

2018-02-12T16:00:09+00:00 CRITICAL Uncaught Error: Call to undefined function request_filesystem_credentials() in /home/triinvaht/public_html/wordpress/wp-admin/includes/class-wp-upgrader-skin.php:93
Stack trace:
#0 /home/triinvaht/public_html/wordpress/wp-admin/includes/class-automatic-upgrader-skin.php(47): WP_Upgrader_Skin->request_filesystem_credentials(false, '/home/triinvaht...', true)
#1 /home/triinvaht/public_html/wordpress/wp-admin/includes/class-wp-automatic-updater.php(144): Automatic_Upgrader_Skin->request_filesystem_credentials(false, '/home/triinvaht...', true)
#2 /home/triinvaht/public_html/wordpress/wp-admin/includes/update.php(85): WP_Automatic_Updater->should_update('core', Object(stdClass), '/home/triinvaht...')
#3 /home/triinvaht/public_html/wordpress/wp-includes/update.php(215): find_core_auto_update()
#4 /home/triinvaht/public_html/wordpress/wp-content/plugins/wordfence/lib/wfUpdateCheck.php(65): wp_version_check()
#5 /home/triinvaht/public_html/wordpress/wp-content/plugins/wordfence/lib/wfUpdateCheck.php(38): wfUpdateChe

2018-02-12T19:52:24+00:00 CRITICAL Uncaught Error: Call to undefined function request_filesystem_credentials() in /home/triinvaht/public_html/wordpress/wp-admin/includes/class-wp-upgrader-skin.php:93
Stack trace:
#0 /home/triinvaht/public_html/wordpress/wp-admin/includes/class-automatic-upgrader-skin.php(47): WP_Upgrader_Skin->request_filesystem_credentials(false, '/home/triinvaht...', true)
#1 /home/triinvaht/public_html/wordpress/wp-admin/includes/class-wp-automatic-updater.php(144): Automatic_Upgrader_Skin->request_filesystem_credentials(false, '/home/triinvaht...', true)
#2 /home/triinvaht/public_html/wordpress/wp-admin/includes/update.php(85): WP_Automatic_Updater->should_update('core', Object(stdClass), '/home/triinvaht...')
#3 /home/triinvaht/public_html/wordpress/wp-includes/update.php(215): find_core_auto_update()
#4 /home/triinvaht/public_html/wordpress/wp-includes/class-wp-hook.php(286): wp_version_check()
#5 /home/triinvaht/public_html/wordpress/wp-includes/class-wp-hook.php(310): WP_Hook->apply_filters('', Array)
#6 /home/triinvah

2018-02-12T20:01:08+00:00 CRITICAL Uncaught Error: Call to undefined function request_filesystem_credentials() in /home/triinvaht/public_html/wordpress/wp-admin/includes/class-wp-upgrader-skin.php:93
Stack trace:
#0 /home/triinvaht/public_html/wordpress/wp-admin/includes/class-automatic-upgrader-skin.php(47): WP_Upgrader_Skin->request_filesystem_credentials(false, '/home/triinvaht...', true)
#1 /home/triinvaht/public_html/wordpress/wp-admin/includes/class-wp-automatic-updater.php(144): Automatic_Upgrader_Skin->request_filesystem_credentials(false, '/home/triinvaht...', true)
#2 /home/triinvaht/public_html/wordpress/wp-admin/includes/update.php(85): WP_Automatic_Updater->should_update('core', Object(stdClass), '/home/triinvaht...')
#3 /home/triinvaht/public_html/wordpress/wp-includes/update.php(215): find_core_auto_update()
#4 /home/triinvaht/public_html/wordpress/wp-content/plugins/wordfence/lib/wfUpdateCheck.php(65): wp_version_check()
#5 /home/triinvaht/public_html/wordpress/wp-content/plugins/wordfence/lib/wfUpdateCheck.php(38): wfUpdateChe

2018-02-13T07:52:30+00:00 CRITICAL Uncaught Error: Call to undefined function request_filesystem_credentials() in /home/triinvaht/public_html/wordpress/wp-admin/includes/class-wp-upgrader-skin.php:93
Stack trace:
#0 /home/triinvaht/public_html/wordpress/wp-admin/includes/class-automatic-upgrader-skin.php(47): WP_Upgrader_Skin->request_filesystem_credentials(false, '/home/triinvaht...', true)
#1 /home/triinvaht/public_html/wordpress/wp-admin/includes/class-wp-automatic-updater.php(144): Automatic_Upgrader_Skin->request_filesystem_credentials(false, '/home/triinvaht...', true)
#2 /home/triinvaht/public_html/wordpress/wp-admin/includes/update.php(85): WP_Automatic_Updater->should_update('core', Object(stdClass), '/home/triinvaht...')
#3 /home/triinvaht/public_html/wordpress/wp-includes/update.php(215): find_core_auto_update()
#4 /home/triinvaht/public_html/wordpress/wp-includes/class-wp-hook.php(286): wp_version_check()
#5 /home/triinvaht/public_html/wordpress/wp-includes/class-wp-hook.php(310): WP_Hook->apply_filters('', Array)
#6 /home/triinvah

2018-02-13T19:52:27+00:00 CRITICAL Uncaught Error: Call to undefined function request_filesystem_credentials() in /home/triinvaht/public_html/wordpress/wp-admin/includes/class-wp-upgrader-skin.php:93
Stack trace:
#0 /home/triinvaht/public_html/wordpress/wp-admin/includes/class-automatic-upgrader-skin.php(47): WP_Upgrader_Skin->request_filesystem_credentials(false, '/home/triinvaht...', true)
#1 /home/triinvaht/public_html/wordpress/wp-admin/includes/class-wp-automatic-updater.php(144): Automatic_Upgrader_Skin->request_filesystem_credentials(false, '/home/triinvaht...', true)
#2 /home/triinvaht/public_html/wordpress/wp-admin/includes/update.php(85): WP_Automatic_Updater->should_update('core', Object(stdClass), '/home/triinvaht...')
#3 /home/triinvaht/public_html/wordpress/wp-includes/update.php(215): find_core_auto_update()
#4 /home/triinvaht/public_html/wordpress/wp-includes/class-wp-hook.php(286): wp_version_check()
#5 /home/triinvaht/public_html/wordpress/wp-includes/class-wp-hook.php(310): WP_Hook->apply_filters('', Array)
#6 /home/triinvah

2018-02-13T19:59:11+00:00 CRITICAL Uncaught Error: Call to undefined function request_filesystem_credentials() in /home/triinvaht/public_html/wordpress/wp-admin/includes/class-wp-upgrader-skin.php:93
Stack trace:
#0 /home/triinvaht/public_html/wordpress/wp-admin/includes/class-automatic-upgrader-skin.php(47): WP_Upgrader_Skin->request_filesystem_credentials(false, '/home/triinvaht...', true)
#1 /home/triinvaht/public_html/wordpress/wp-admin/includes/class-wp-automatic-updater.php(144): Automatic_Upgrader_Skin->request_filesystem_credentials(false, '/home/triinvaht...', true)
#2 /home/triinvaht/public_html/wordpress/wp-admin/includes/update.php(85): WP_Automatic_Updater->should_update('core', Object(stdClass), '/home/triinvaht...')
#3 /home/triinvaht/public_html/wordpress/wp-includes/update.php(215): find_core_auto_update()
#4 /home/triinvaht/public_html/wordpress/wp-content/plugins/wordfence/lib/wfUpdateCheck.php(65): wp_version_check()
#5 /home/triinvaht/public_html/wordpress/wp-content/plugins/wordfence/lib/wfUpdateCheck.php(38): wfUpdateChe

2018-02-14T07:58:11+00:00 CRITICAL Uncaught Error: Call to undefined function request_filesystem_credentials() in /home/triinvaht/public_html/wordpress/wp-admin/includes/class-wp-upgrader-skin.php:93
Stack trace:
#0 /home/triinvaht/public_html/wordpress/wp-admin/includes/class-automatic-upgrader-skin.php(47): WP_Upgrader_Skin->request_filesystem_credentials(false, '/home/triinvaht...', true)
#1 /home/triinvaht/public_html/wordpress/wp-admin/includes/class-wp-automatic-updater.php(144): Automatic_Upgrader_Skin->request_filesystem_credentials(false, '/home/triinvaht...', true)
#2 /home/triinvaht/public_html/wordpress/wp-admin/includes/update.php(85): WP_Automatic_Updater->should_update('core', Object(stdClass), '/home/triinvaht...')
#3 /home/triinvaht/public_html/wordpress/wp-includes/update.php(215): find_core_auto_update()
#4 /home/triinvaht/public_html/wordpress/wp-includes/class-wp-hook.php(286): wp_version_check()
#5 /home/triinvaht/public_html/wordpress/wp-includes/class-wp-hook.php(310): WP_Hook->apply_filters('', Array)
#6 /home/triinvah

2018-02-14T19:57:19+00:00 CRITICAL Uncaught Error: Call to undefined function request_filesystem_credentials() in /home/triinvaht/public_html/wordpress/wp-admin/includes/class-wp-upgrader-skin.php:93
Stack trace:
#0 /home/triinvaht/public_html/wordpress/wp-admin/includes/class-automatic-upgrader-skin.php(47): WP_Upgrader_Skin->request_filesystem_credentials(false, '/home/triinvaht...', true)
#1 /home/triinvaht/public_html/wordpress/wp-admin/includes/class-wp-automatic-updater.php(144): Automatic_Upgrader_Skin->request_filesystem_credentials(false, '/home/triinvaht...', true)
#2 /home/triinvaht/public_html/wordpress/wp-admin/includes/update.php(85): WP_Automatic_Updater->should_update('core', Object(stdClass), '/home/triinvaht...')
#3 /home/triinvaht/public_html/wordpress/wp-includes/update.php(215): find_core_auto_update()
#4 /home/triinvaht/public_html/wordpress/wp-includes/class-wp-hook.php(286): wp_version_check()
#5 /home/triinvaht/public_html/wordpress/wp-includes/class-wp-hook.php(310): WP_Hook->apply_filters('', Array)
#6 /home/triinvah

2018-02-14T20:04:36+00:00 CRITICAL Uncaught Error: Call to undefined function request_filesystem_credentials() in /home/triinvaht/public_html/wordpress/wp-admin/includes/class-wp-upgrader-skin.php:93
Stack trace:
#0 /home/triinvaht/public_html/wordpress/wp-admin/includes/class-automatic-upgrader-skin.php(47): WP_Upgrader_Skin->request_filesystem_credentials(false, '/home/triinvaht...', true)
#1 /home/triinvaht/public_html/wordpress/wp-admin/includes/class-wp-automatic-updater.php(144): Automatic_Upgrader_Skin->request_filesystem_credentials(false, '/home/triinvaht...', true)
#2 /home/triinvaht/public_html/wordpress/wp-admin/includes/update.php(85): WP_Automatic_Updater->should_update('core', Object(stdClass), '/home/triinvaht...')
#3 /home/triinvaht/public_html/wordpress/wp-includes/update.php(215): find_core_auto_update()
#4 /home/triinvaht/public_html/wordpress/wp-content/plugins/wordfence/lib/wfUpdateCheck.php(65): wp_version_check()
#5 /home/triinvaht/public_html/wordpress/wp-content/plugins/wordfence/lib/wfUpdateCheck.php(38): wfUpdateChe

2018-02-15T16:50:07+00:00 CRITICAL Uncaught Error: Call to undefined function request_filesystem_credentials() in /home/triinvaht/public_html/wordpress/wp-admin/includes/class-wp-upgrader-skin.php:93
Stack trace:
#0 /home/triinvaht/public_html/wordpress/wp-admin/includes/class-automatic-upgrader-skin.php(47): WP_Upgrader_Skin->request_filesystem_credentials(false, '/home/triinvaht...', true)
#1 /home/triinvaht/public_html/wordpress/wp-admin/includes/class-wp-automatic-updater.php(144): Automatic_Upgrader_Skin->request_filesystem_credentials(false, '/home/triinvaht...', true)
#2 /home/triinvaht/public_html/wordpress/wp-admin/includes/update.php(85): WP_Automatic_Updater->should_update('core', Object(stdClass), '/home/triinvaht...')
#3 /home/triinvaht/public_html/wordpress/wp-includes/update.php(215): find_core_auto_update()
#4 /home/triinvaht/public_html/wordpress/wp-includes/class-wp-hook.php(286): wp_version_check()
#5 /home/triinvaht/public_html/wordpress/wp-includes/class-wp-hook.php(310): WP_Hook->apply_filters('', Array)
#6 /home/triinvah

2018-02-15T19:58:30+00:00 CRITICAL Uncaught Error: Call to undefined function request_filesystem_credentials() in /home/triinvaht/public_html/wordpress/wp-admin/includes/class-wp-upgrader-skin.php:93
Stack trace:
#0 /home/triinvaht/public_html/wordpress/wp-admin/includes/class-automatic-upgrader-skin.php(47): WP_Upgrader_Skin->request_filesystem_credentials(false, '/home/triinvaht...', true)
#1 /home/triinvaht/public_html/wordpress/wp-admin/includes/class-wp-automatic-updater.php(144): Automatic_Upgrader_Skin->request_filesystem_credentials(false, '/home/triinvaht...', true)
#2 /home/triinvaht/public_html/wordpress/wp-admin/includes/update.php(85): WP_Automatic_Updater->should_update('core', Object(stdClass), '/home/triinvaht...')
#3 /home/triinvaht/public_html/wordpress/wp-includes/update.php(215): find_core_auto_update()
#4 /home/triinvaht/public_html/wordpress/wp-includes/class-wp-hook.php(286): wp_version_check()
#5 /home/triinvaht/public_html/wordpress/wp-includes/class-wp-hook.php(310): WP_Hook->apply_filters('', Array)
#6 /home/triinvah

2018-02-15T19:59:45+00:00 CRITICAL Uncaught Error: Call to undefined function request_filesystem_credentials() in /home/triinvaht/public_html/wordpress/wp-admin/includes/class-wp-upgrader-skin.php:93
Stack trace:
#0 /home/triinvaht/public_html/wordpress/wp-admin/includes/class-automatic-upgrader-skin.php(47): WP_Upgrader_Skin->request_filesystem_credentials(false, '/home/triinvaht...', true)
#1 /home/triinvaht/public_html/wordpress/wp-admin/includes/class-wp-automatic-updater.php(144): Automatic_Upgrader_Skin->request_filesystem_credentials(false, '/home/triinvaht...', true)
#2 /home/triinvaht/public_html/wordpress/wp-admin/includes/update.php(85): WP_Automatic_Updater->should_update('core', Object(stdClass), '/home/triinvaht...')
#3 /home/triinvaht/public_html/wordpress/wp-includes/update.php(215): find_core_auto_update()
#4 /home/triinvaht/public_html/wordpress/wp-content/plugins/wordfence/lib/wfUpdateCheck.php(65): wp_version_check()
#5 /home/triinvaht/public_html/wordpress/wp-content/plugins/wordfence/lib/wfUpdateCheck.php(38): wfUpdateChe

2018-02-16T07:52:29+00:00 CRITICAL Uncaught Error: Call to undefined function request_filesystem_credentials() in /home/triinvaht/public_html/wordpress/wp-admin/includes/class-wp-upgrader-skin.php:93
Stack trace:
#0 /home/triinvaht/public_html/wordpress/wp-admin/includes/class-automatic-upgrader-skin.php(47): WP_Upgrader_Skin->request_filesystem_credentials(false, '/home/triinvaht...', true)
#1 /home/triinvaht/public_html/wordpress/wp-admin/includes/class-wp-automatic-updater.php(144): Automatic_Upgrader_Skin->request_filesystem_credentials(false, '/home/triinvaht...', true)
#2 /home/triinvaht/public_html/wordpress/wp-admin/includes/update.php(85): WP_Automatic_Updater->should_update('core', Object(stdClass), '/home/triinvaht...')
#3 /home/triinvaht/public_html/wordpress/wp-includes/update.php(215): find_core_auto_update()
#4 /home/triinvaht/public_html/wordpress/wp-includes/class-wp-hook.php(286): wp_version_check()
#5 /home/triinvaht/public_html/wordpress/wp-includes/class-wp-hook.php(310): WP_Hook->apply_filters('', Array)
#6 /home/triinvah

2018-02-17T08:17:59+00:00 CRITICAL Uncaught Error: Call to undefined function request_filesystem_credentials() in /home/triinvaht/public_html/wordpress/wp-admin/includes/class-wp-upgrader-skin.php:93
Stack trace:
#0 /home/triinvaht/public_html/wordpress/wp-admin/includes/class-automatic-upgrader-skin.php(47): WP_Upgrader_Skin->request_filesystem_credentials(false, '/home/triinvaht...', true)
#1 /home/triinvaht/public_html/wordpress/wp-admin/includes/class-wp-automatic-updater.php(144): Automatic_Upgrader_Skin->request_filesystem_credentials(false, '/home/triinvaht...', true)
#2 /home/triinvaht/public_html/wordpress/wp-admin/includes/update.php(85): WP_Automatic_Updater->should_update('core', Object(stdClass), '/home/triinvaht...')
#3 /home/triinvaht/public_html/wordpress/wp-includes/update.php(215): find_core_auto_update()
#4 /home/triinvaht/public_html/wordpress/wp-includes/class-wp-hook.php(286): wp_version_check()
#5 /home/triinvaht/public_html/wordpress/wp-includes/class-wp-hook.php(310): WP_Hook->apply_filters('', Array)
#6 /home/triinvah

2018-02-17T08:34:39+00:00 CRITICAL Uncaught Error: Call to undefined function request_filesystem_credentials() in /home/triinvaht/public_html/wordpress/wp-admin/includes/class-wp-upgrader-skin.php:93
Stack trace:
#0 /home/triinvaht/public_html/wordpress/wp-admin/includes/class-automatic-upgrader-skin.php(47): WP_Upgrader_Skin->request_filesystem_credentials(false, '/home/triinvaht...', true)
#1 /home/triinvaht/public_html/wordpress/wp-admin/includes/class-wp-automatic-updater.php(144): Automatic_Upgrader_Skin->request_filesystem_credentials(false, '/home/triinvaht...', true)
#2 /home/triinvaht/public_html/wordpress/wp-admin/includes/update.php(85): WP_Automatic_Updater->should_update('core', Object(stdClass), '/home/triinvaht...')
#3 /home/triinvaht/public_html/wordpress/wp-includes/update.php(215): find_core_auto_update()
#4 /home/triinvaht/public_html/wordpress/wp-content/plugins/wordfence/lib/wfUpdateCheck.php(65): wp_version_check()
#5 /home/triinvaht/public_html/wordpress/wp-content/plugins/wordfence/lib/wfUpdateCheck.php(38): wfUpdateChe

2018-02-17T20:20:40+00:00 CRITICAL Uncaught Error: Call to undefined function request_filesystem_credentials() in /home/triinvaht/public_html/wordpress/wp-admin/includes/class-wp-upgrader-skin.php:93
Stack trace:
#0 /home/triinvaht/public_html/wordpress/wp-admin/includes/class-automatic-upgrader-skin.php(47): WP_Upgrader_Skin->request_filesystem_credentials(false, '/home/triinvaht...', true)
#1 /home/triinvaht/public_html/wordpress/wp-admin/includes/class-wp-automatic-updater.php(144): Automatic_Upgrader_Skin->request_filesystem_credentials(false, '/home/triinvaht...', true)
#2 /home/triinvaht/public_html/wordpress/wp-admin/includes/update.php(85): WP_Automatic_Updater->should_update('core', Object(stdClass), '/home/triinvaht...')
#3 /home/triinvaht/public_html/wordpress/wp-includes/update.php(215): find_core_auto_update()
#4 /home/triinvaht/public_html/wordpress/wp-includes/class-wp-hook.php(286): wp_version_check()
#5 /home/triinvaht/public_html/wordpress/wp-includes/class-wp-hook.php(310): WP_Hook->apply_filters('', Array)
#6 /home/triinvah

2018-02-17T23:19:10+00:00 CRITICAL Uncaught Error: Call to undefined function request_filesystem_credentials() in /home/triinvaht/public_html/wordpress/wp-admin/includes/class-wp-upgrader-skin.php:93
Stack trace:
#0 /home/triinvaht/public_html/wordpress/wp-admin/includes/class-automatic-upgrader-skin.php(47): WP_Upgrader_Skin->request_filesystem_credentials(false, '/home/triinvaht...', true)
#1 /home/triinvaht/public_html/wordpress/wp-admin/includes/class-wp-automatic-updater.php(144): Automatic_Upgrader_Skin->request_filesystem_credentials(false, '/home/triinvaht...', true)
#2 /home/triinvaht/public_html/wordpress/wp-admin/includes/update.php(85): WP_Automatic_Updater->should_update('core', Object(stdClass), '/home/triinvaht...')
#3 /home/triinvaht/public_html/wordpress/wp-includes/update.php(215): find_core_auto_update()
#4 /home/triinvaht/public_html/wordpress/wp-content/plugins/wordfence/lib/wfUpdateCheck.php(65): wp_version_check()
#5 /home/triinvaht/public_html/wordpress/wp-content/plugins/wordfence/lib/wfUpdateCheck.php(38): wfUpdateChe

2018-02-18T08:23:36+00:00 CRITICAL Uncaught Error: Call to undefined function request_filesystem_credentials() in /home/triinvaht/public_html/wordpress/wp-admin/includes/class-wp-upgrader-skin.php:93
Stack trace:
#0 /home/triinvaht/public_html/wordpress/wp-admin/includes/class-automatic-upgrader-skin.php(47): WP_Upgrader_Skin->request_filesystem_credentials(false, '/home/triinvaht...', true)
#1 /home/triinvaht/public_html/wordpress/wp-admin/includes/class-wp-automatic-updater.php(144): Automatic_Upgrader_Skin->request_filesystem_credentials(false, '/home/triinvaht...', true)
#2 /home/triinvaht/public_html/wordpress/wp-admin/includes/update.php(85): WP_Automatic_Updater->should_update('core', Object(stdClass), '/home/triinvaht...')
#3 /home/triinvaht/public_html/wordpress/wp-includes/update.php(215): find_core_auto_update()
#4 /home/triinvaht/public_html/wordpress/wp-includes/class-wp-hook.php(286): wp_version_check()
#5 /home/triinvaht/public_html/wordpress/wp-includes/class-wp-hook.php(310): WP_Hook->apply_filters('', Array)
#6 /home/triinvah

2018-02-18T20:19:43+00:00 CRITICAL Uncaught Error: Call to undefined function request_filesystem_credentials() in /home/triinvaht/public_html/wordpress/wp-admin/includes/class-wp-upgrader-skin.php:93
Stack trace:
#0 /home/triinvaht/public_html/wordpress/wp-admin/includes/class-automatic-upgrader-skin.php(47): WP_Upgrader_Skin->request_filesystem_credentials(false, '/home/triinvaht...', true)
#1 /home/triinvaht/public_html/wordpress/wp-admin/includes/class-wp-automatic-updater.php(144): Automatic_Upgrader_Skin->request_filesystem_credentials(false, '/home/triinvaht...', true)
#2 /home/triinvaht/public_html/wordpress/wp-admin/includes/update.php(85): WP_Automatic_Updater->should_update('core', Object(stdClass), '/home/triinvaht...')
#3 /home/triinvaht/public_html/wordpress/wp-includes/update.php(215): find_core_auto_update()
#4 /home/triinvaht/public_html/wordpress/wp-includes/class-wp-hook.php(286): wp_version_check()
#5 /home/triinvaht/public_html/wordpress/wp-includes/class-wp-hook.php(310): WP_Hook->apply_filters('', Array)
#6 /home/triinvah

2018-02-18T20:53:48+00:00 CRITICAL Uncaught Error: Call to undefined function request_filesystem_credentials() in /home/triinvaht/public_html/wordpress/wp-admin/includes/class-wp-upgrader-skin.php:93
Stack trace:
#0 /home/triinvaht/public_html/wordpress/wp-admin/includes/class-automatic-upgrader-skin.php(47): WP_Upgrader_Skin->request_filesystem_credentials(false, '/home/triinvaht...', true)
#1 /home/triinvaht/public_html/wordpress/wp-admin/includes/class-wp-automatic-updater.php(144): Automatic_Upgrader_Skin->request_filesystem_credentials(false, '/home/triinvaht...', true)
#2 /home/triinvaht/public_html/wordpress/wp-admin/includes/update.php(85): WP_Automatic_Updater->should_update('core', Object(stdClass), '/home/triinvaht...')
#3 /home/triinvaht/public_html/wordpress/wp-includes/update.php(215): find_core_auto_update()
#4 /home/triinvaht/public_html/wordpress/wp-content/plugins/wordfence/lib/wfUpdateCheck.php(65): wp_version_check()
#5 /home/triinvaht/public_html/wordpress/wp-content/plugins/wordfence/lib/wfUpdateCheck.php(38): wfUpdateChe

2018-02-19T08:25:24+00:00 CRITICAL Uncaught Error: Call to undefined function request_filesystem_credentials() in /home/triinvaht/public_html/wordpress/wp-admin/includes/class-wp-upgrader-skin.php:93
Stack trace:
#0 /home/triinvaht/public_html/wordpress/wp-admin/includes/class-automatic-upgrader-skin.php(47): WP_Upgrader_Skin->request_filesystem_credentials(false, '/home/triinvaht...', true)
#1 /home/triinvaht/public_html/wordpress/wp-admin/includes/class-wp-automatic-updater.php(144): Automatic_Upgrader_Skin->request_filesystem_credentials(false, '/home/triinvaht...', true)
#2 /home/triinvaht/public_html/wordpress/wp-admin/includes/update.php(85): WP_Automatic_Updater->should_update('core', Object(stdClass), '/home/triinvaht...')
#3 /home/triinvaht/public_html/wordpress/wp-includes/update.php(215): find_core_auto_update()
#4 /home/triinvaht/public_html/wordpress/wp-includes/class-wp-hook.php(286): wp_version_check()
#5 /home/triinvaht/public_html/wordpress/wp-includes/class-wp-hook.php(310): WP_Hook->apply_filters('', Array)
#6 /home/triinvah

2018-02-20T02:42:28+00:00 CRITICAL Uncaught Error: Call to undefined function request_filesystem_credentials() in /home/triinvaht/public_html/wordpress/wp-admin/includes/class-wp-upgrader-skin.php:93
Stack trace:
#0 /home/triinvaht/public_html/wordpress/wp-admin/includes/class-automatic-upgrader-skin.php(47): WP_Upgrader_Skin->request_filesystem_credentials(false, '/home/triinvaht...', true)
#1 /home/triinvaht/public_html/wordpress/wp-admin/includes/class-wp-automatic-updater.php(144): Automatic_Upgrader_Skin->request_filesystem_credentials(false, '/home/triinvaht...', true)
#2 /home/triinvaht/public_html/wordpress/wp-admin/includes/update.php(85): WP_Automatic_Updater->should_update('core', Object(stdClass), '/home/triinvaht...')
#3 /home/triinvaht/public_html/wordpress/wp-includes/update.php(215): find_core_auto_update()
#4 /home/triinvaht/public_html/wordpress/wp-includes/class-wp-hook.php(286): wp_version_check()
#5 /home/triinvaht/public_html/wordpress/wp-includes/class-wp-hook.php(310): WP_Hook->apply_filters('', Array)
#6 /home/triinvah

2018-02-20T03:12:51+00:00 CRITICAL Uncaught Error: Call to undefined function request_filesystem_credentials() in /home/triinvaht/public_html/wordpress/wp-admin/includes/class-wp-upgrader-skin.php:93
Stack trace:
#0 /home/triinvaht/public_html/wordpress/wp-admin/includes/class-automatic-upgrader-skin.php(47): WP_Upgrader_Skin->request_filesystem_credentials(false, '/home/triinvaht...', true)
#1 /home/triinvaht/public_html/wordpress/wp-admin/includes/class-wp-automatic-updater.php(144): Automatic_Upgrader_Skin->request_filesystem_credentials(false, '/home/triinvaht...', true)
#2 /home/triinvaht/public_html/wordpress/wp-admin/includes/update.php(85): WP_Automatic_Updater->should_update('core', Object(stdClass), '/home/triinvaht...')
#3 /home/triinvaht/public_html/wordpress/wp-includes/update.php(215): find_core_auto_update()
#4 /home/triinvaht/public_html/wordpress/wp-content/plugins/wordfence/lib/wfUpdateCheck.php(65): wp_version_check()
#5 /home/triinvaht/public_html/wordpress/wp-content/plugins/wordfence/lib/wfUpdateCheck.php(38): wfUpdateChe

